
*** Running vivado
    with args -log MIPS.vdi -applog -m64 -product Vivado -messageDb vivado.pb -mode batch -source MIPS.tcl -notrace



****** Vivado v2022.2 (64-bit)
  **** SW Build 3671981 on Fri Oct 14 05:00:03 MDT 2022
  **** IP Build 3669848 on Fri Oct 14 08:30:02 MDT 2022
    ** Copyright 1986-2022 Xilinx, Inc. All Rights Reserved.

source MIPS.tcl -notrace
create_project: Time (s): cpu = 00:00:02 ; elapsed = 00:00:05 . Memory (MB): peak = 378.473 ; gain = 53.609
Command: link_design -top MIPS -part xc7a100tcsg324-1
Design is defaulting to srcset: sources_1
Design is defaulting to constrset: constrs_1
INFO: [Device 21-403] Loading part xc7a100tcsg324-1
Netlist sorting complete. Time (s): cpu = 00:00:00 ; elapsed = 00:00:00.012 . Memory (MB): peak = 799.777 ; gain = 0.000
INFO: [Netlist 29-17] Analyzing 79 Unisim elements for replacement
INFO: [Netlist 29-28] Unisim Transformation completed in 1 CPU seconds
INFO: [Project 1-479] Netlist was created with Vivado 2022.2
INFO: [Project 1-570] Preparing netlist for logic optimization
Parsing XDC File [C:/Users/adelinul/lab5/lab5.srcs/constrs_1/new/NexysA7_test_env.xdc]
Finished Parsing XDC File [C:/Users/adelinul/lab5/lab5.srcs/constrs_1/new/NexysA7_test_env.xdc]
INFO: [Opt 31-138] Pushed 0 inverter(s) to 0 load pin(s).
Netlist sorting complete. Time (s): cpu = 00:00:00 ; elapsed = 00:00:00 . Memory (MB): peak = 932.344 ; gain = 0.000
INFO: [Project 1-111] Unisim Transformation Summary:
  A total of 46 instances were transformed.
  RAM32M => RAM32M (inverted pins: WCLK) (RAMD32(x6), RAMS32(x2)): 10 instances
  RAM32X1D => RAM32X1D (inverted pins: WCLK) (RAMD32(x2)): 4 instances
  RAM64X1S => RAM64X1S (RAMS64E): 32 instances

7 Infos, 0 Warnings, 0 Critical Warnings and 0 Errors encountered.
link_design completed successfully
link_design: Time (s): cpu = 00:00:03 ; elapsed = 00:00:06 . Memory (MB): peak = 932.344 ; gain = 548.770
Command: opt_design
Attempting to get a license for feature 'Implementation' and/or device 'xc7a100t'
INFO: [Common 17-349] Got license for feature 'Implementation' and/or device 'xc7a100t'
Running DRC as a precondition to command opt_design

Starting DRC Task
INFO: [DRC 23-27] Running DRC with 2 threads
INFO: [Project 1-461] DRC finished with 0 Errors
INFO: [Project 1-462] Please refer to the DRC report (report_drc) for more information.

Time (s): cpu = 00:00:01 ; elapsed = 00:00:00.966 . Memory (MB): peak = 955.344 ; gain = 23.000

Starting Cache Timing Information Task
INFO: [Timing 38-35] Done setting XDC timing constraints.
Ending Cache Timing Information Task | Checksum: 19b097645

Time (s): cpu = 00:00:05 ; elapsed = 00:00:07 . Memory (MB): peak = 1511.773 ; gain = 556.430

Starting Logic Optimization Task

Phase 1 Retarget
INFO: [Opt 31-138] Pushed 0 inverter(s) to 0 load pin(s).
INFO: [Opt 31-49] Retargeted 0 cell(s).
Phase 1 Retarget | Checksum: 19b097645

Time (s): cpu = 00:00:00 ; elapsed = 00:00:00.046 . Memory (MB): peak = 1846.672 ; gain = 0.000
INFO: [Opt 31-389] Phase Retarget created 0 cells and removed 0 cells

Phase 2 Constant propagation
INFO: [Opt 31-138] Pushed 0 inverter(s) to 0 load pin(s).
Phase 2 Constant propagation | Checksum: 16517f8c7

Time (s): cpu = 00:00:00 ; elapsed = 00:00:00.051 . Memory (MB): peak = 1846.672 ; gain = 0.000
INFO: [Opt 31-389] Phase Constant propagation created 0 cells and removed 0 cells

Phase 3 Sweep
Phase 3 Sweep | Checksum: 20069414b

Time (s): cpu = 00:00:00 ; elapsed = 00:00:00.059 . Memory (MB): peak = 1846.672 ; gain = 0.000
INFO: [Opt 31-389] Phase Sweep created 0 cells and removed 0 cells

Phase 4 BUFG optimization
Phase 4 BUFG optimization | Checksum: 20069414b

Time (s): cpu = 00:00:00 ; elapsed = 00:00:00.095 . Memory (MB): peak = 1846.672 ; gain = 0.000
INFO: [Opt 31-662] Phase BUFG optimization created 0 cells of which 0 are BUFGs and removed 0 cells.

Phase 5 Shift Register Optimization
INFO: [Opt 31-1064] SRL Remap converted 0 SRLs to 0 registers and converted 0 registers of register chains to 0 SRLs
Phase 5 Shift Register Optimization | Checksum: 20069414b

Time (s): cpu = 00:00:00 ; elapsed = 00:00:00.097 . Memory (MB): peak = 1846.672 ; gain = 0.000
INFO: [Opt 31-389] Phase Shift Register Optimization created 0 cells and removed 0 cells

Phase 6 Post Processing Netlist
Phase 6 Post Processing Netlist | Checksum: 20069414b

Time (s): cpu = 00:00:00 ; elapsed = 00:00:00.100 . Memory (MB): peak = 1846.672 ; gain = 0.000
INFO: [Opt 31-389] Phase Post Processing Netlist created 0 cells and removed 0 cells
Opt_design Change Summary
=========================


-------------------------------------------------------------------------------------------------------------------------
|  Phase                        |  #Cells created  |  #Cells Removed  |  #Constrained objects preventing optimizations  |
-------------------------------------------------------------------------------------------------------------------------
|  Retarget                     |               0  |               0  |                                              0  |
|  Constant propagation         |               0  |               0  |                                              0  |
|  Sweep                        |               0  |               0  |                                              0  |
|  BUFG optimization            |               0  |               0  |                                              0  |
|  Shift Register Optimization  |               0  |               0  |                                              0  |
|  Post Processing Netlist      |               0  |               0  |                                              0  |
-------------------------------------------------------------------------------------------------------------------------



Starting Connectivity Check Task

Time (s): cpu = 00:00:00 ; elapsed = 00:00:00.001 . Memory (MB): peak = 1846.672 ; gain = 0.000
Ending Logic Optimization Task | Checksum: 13606b750

Time (s): cpu = 00:00:00 ; elapsed = 00:00:00.114 . Memory (MB): peak = 1846.672 ; gain = 0.000

Starting Power Optimization Task
INFO: [Pwropt 34-132] Skipping clock gating for clocks with a period < 2.00 ns.
Ending Power Optimization Task | Checksum: 13606b750

Time (s): cpu = 00:00:00 ; elapsed = 00:00:00.018 . Memory (MB): peak = 1846.672 ; gain = 0.000

Starting Final Cleanup Task
Ending Final Cleanup Task | Checksum: 13606b750

Time (s): cpu = 00:00:00 ; elapsed = 00:00:00 . Memory (MB): peak = 1846.672 ; gain = 0.000

Starting Netlist Obfuscation Task
Netlist sorting complete. Time (s): cpu = 00:00:00 ; elapsed = 00:00:00 . Memory (MB): peak = 1846.672 ; gain = 0.000
Ending Netlist Obfuscation Task | Checksum: 13606b750

Time (s): cpu = 00:00:00 ; elapsed = 00:00:00 . Memory (MB): peak = 1846.672 ; gain = 0.000
INFO: [Common 17-83] Releasing license: Implementation
24 Infos, 0 Warnings, 0 Critical Warnings and 0 Errors encountered.
opt_design completed successfully
opt_design: Time (s): cpu = 00:00:07 ; elapsed = 00:00:11 . Memory (MB): peak = 1846.672 ; gain = 914.328
INFO: [Timing 38-480] Writing timing data to binary archive.
Writing XDEF routing.
Writing XDEF routing logical nets.
Writing XDEF routing special nets.
Write XDEF Complete: Time (s): cpu = 00:00:00 ; elapsed = 00:00:00.032 . Memory (MB): peak = 1846.672 ; gain = 0.000
INFO: [Common 17-1381] The checkpoint 'C:/Users/adelinul/lab5/lab5.runs/impl_1/MIPS_opt.dcp' has been generated.
INFO: [runtcl-4] Executing : report_drc -file MIPS_drc_opted.rpt -pb MIPS_drc_opted.pb -rpx MIPS_drc_opted.rpx
Command: report_drc -file MIPS_drc_opted.rpt -pb MIPS_drc_opted.pb -rpx MIPS_drc_opted.rpx
INFO: [IP_Flow 19-234] Refreshing IP repositories
INFO: [IP_Flow 19-1704] No user IP repositories specified
INFO: [IP_Flow 19-2313] Loaded Vivado IP repository 'C:/Xilinx/Vivado/2022.2/data/ip'.
INFO: [DRC 23-27] Running DRC with 2 threads
INFO: [Vivado_Tcl 2-168] The results of DRC are in file C:/Users/adelinul/lab5/lab5.runs/impl_1/MIPS_drc_opted.rpt.
report_drc completed successfully
Command: place_design
Attempting to get a license for feature 'Implementation' and/or device 'xc7a100t'
INFO: [Common 17-349] Got license for feature 'Implementation' and/or device 'xc7a100t'
INFO: [DRC 23-27] Running DRC with 2 threads
INFO: [Vivado_Tcl 4-198] DRC finished with 0 Errors
INFO: [Vivado_Tcl 4-199] Please refer to the DRC report (report_drc) for more information.
Running DRC as a precondition to command place_design
INFO: [DRC 23-27] Running DRC with 2 threads
INFO: [Vivado_Tcl 4-198] DRC finished with 0 Errors
INFO: [Vivado_Tcl 4-199] Please refer to the DRC report (report_drc) for more information.

Starting Placer Task
INFO: [Place 30-611] Multithreading enabled for place_design using a maximum of 2 CPUs

Phase 1 Placer Initialization

Phase 1.1 Placer Initialization Netlist Sorting
Netlist sorting complete. Time (s): cpu = 00:00:00 ; elapsed = 00:00:00 . Memory (MB): peak = 1846.672 ; gain = 0.000
Phase 1.1 Placer Initialization Netlist Sorting | Checksum: 1194ad98c

Time (s): cpu = 00:00:00 ; elapsed = 00:00:00.016 . Memory (MB): peak = 1846.672 ; gain = 0.000
Netlist sorting complete. Time (s): cpu = 00:00:00 ; elapsed = 00:00:00 . Memory (MB): peak = 1846.672 ; gain = 0.000

Phase 1.2 IO Placement/ Clock Placement/ Build Placer Device
INFO: [Timing 38-35] Done setting XDC timing constraints.
Phase 1.2 IO Placement/ Clock Placement/ Build Placer Device | Checksum: eddbcf14

Time (s): cpu = 00:00:00 ; elapsed = 00:00:00.349 . Memory (MB): peak = 1846.672 ; gain = 0.000

Phase 1.3 Build Placer Netlist Model
Phase 1.3 Build Placer Netlist Model | Checksum: 17077d494

Time (s): cpu = 00:00:00 ; elapsed = 00:00:00.543 . Memory (MB): peak = 1846.672 ; gain = 0.000

Phase 1.4 Constrain Clocks/Macros
Phase 1.4 Constrain Clocks/Macros | Checksum: 17077d494

Time (s): cpu = 00:00:00 ; elapsed = 00:00:00.548 . Memory (MB): peak = 1846.672 ; gain = 0.000
Phase 1 Placer Initialization | Checksum: 17077d494

Time (s): cpu = 00:00:00 ; elapsed = 00:00:00.556 . Memory (MB): peak = 1846.672 ; gain = 0.000

Phase 2 Global Placement

Phase 2.1 Floorplanning
Phase 2.1 Floorplanning | Checksum: 181ee718f

Time (s): cpu = 00:00:00 ; elapsed = 00:00:00.650 . Memory (MB): peak = 1846.672 ; gain = 0.000

Phase 2.2 Update Timing before SLR Path Opt
Phase 2.2 Update Timing before SLR Path Opt | Checksum: 12b0aa32c

Time (s): cpu = 00:00:00 ; elapsed = 00:00:00.706 . Memory (MB): peak = 1846.672 ; gain = 0.000

Phase 2.3 Post-Processing in Floorplanning
Phase 2.3 Post-Processing in Floorplanning | Checksum: 12b0aa32c

Time (s): cpu = 00:00:00 ; elapsed = 00:00:00.708 . Memory (MB): peak = 1846.672 ; gain = 0.000

Phase 2.4 Global Placement Core

Phase 2.4.1 UpdateTiming Before Physical Synthesis
Phase 2.4.1 UpdateTiming Before Physical Synthesis | Checksum: 13f5ef789

Time (s): cpu = 00:00:01 ; elapsed = 00:00:02 . Memory (MB): peak = 1846.672 ; gain = 0.000

Phase 2.4.2 Physical Synthesis In Placer
INFO: [Physopt 32-1035] Found 0 LUTNM shape to break, 45 LUT instances to create LUTNM shape
INFO: [Physopt 32-1044] Break lutnm for timing: one critical 0, two critical 0, total 0, new lutff created 0
INFO: [Physopt 32-1138] End 1 Pass. Optimized 21 nets or LUTs. Breaked 0 LUT, combined 21 existing LUTs and moved 0 existing LUT
INFO: [Physopt 32-65] No nets found for high-fanout optimization.
INFO: [Physopt 32-232] Optimized 0 net. Created 0 new instance.
INFO: [Physopt 32-775] End 1 Pass. Optimized 0 net or cell. Created 0 new cell, deleted 0 existing cell and moved 0 existing cell
INFO: [Physopt 32-670] No setup violation found.  DSP Register Optimization was not performed.
INFO: [Physopt 32-670] No setup violation found.  Shift Register to Pipeline Optimization was not performed.
INFO: [Physopt 32-670] No setup violation found.  Shift Register Optimization was not performed.
INFO: [Physopt 32-670] No setup violation found.  BRAM Register Optimization was not performed.
INFO: [Physopt 32-670] No setup violation found.  URAM Register Optimization was not performed.
INFO: [Physopt 32-949] No candidate nets found for dynamic/static region interface net replication
INFO: [Physopt 32-775] End 1 Pass. Optimized 0 net or cell. Created 0 new cell, deleted 0 existing cell and moved 0 existing cell
Netlist sorting complete. Time (s): cpu = 00:00:00 ; elapsed = 00:00:00 . Memory (MB): peak = 1846.672 ; gain = 0.000

Summary of Physical Synthesis Optimizations
============================================


-----------------------------------------------------------------------------------------------------------------------------------------------------------
|  Optimization                                     |  Added Cells  |  Removed Cells  |  Optimized Cells/Nets  |  Dont Touch  |  Iterations  |  Elapsed   |
-----------------------------------------------------------------------------------------------------------------------------------------------------------
|  LUT Combining                                    |            0  |             21  |                    21  |           0  |           1  |  00:00:00  |
|  Retime                                           |            0  |              0  |                     0  |           0  |           1  |  00:00:00  |
|  Very High Fanout                                 |            0  |              0  |                     0  |           0  |           1  |  00:00:00  |
|  DSP Register                                     |            0  |              0  |                     0  |           0  |           0  |  00:00:00  |
|  Shift Register to Pipeline                       |            0  |              0  |                     0  |           0  |           0  |  00:00:00  |
|  Shift Register                                   |            0  |              0  |                     0  |           0  |           0  |  00:00:00  |
|  BRAM Register                                    |            0  |              0  |                     0  |           0  |           0  |  00:00:00  |
|  URAM Register                                    |            0  |              0  |                     0  |           0  |           0  |  00:00:00  |
|  Dynamic/Static Region Interface Net Replication  |            0  |              0  |                     0  |           0  |           1  |  00:00:00  |
|  Total                                            |            0  |             21  |                    21  |           0  |           4  |  00:00:00  |
-----------------------------------------------------------------------------------------------------------------------------------------------------------


Phase 2.4.2 Physical Synthesis In Placer | Checksum: 1b8b21ccc

Time (s): cpu = 00:00:01 ; elapsed = 00:00:02 . Memory (MB): peak = 1846.672 ; gain = 0.000
Phase 2.4 Global Placement Core | Checksum: ea03244e

Time (s): cpu = 00:00:01 ; elapsed = 00:00:02 . Memory (MB): peak = 1846.672 ; gain = 0.000
Phase 2 Global Placement | Checksum: ea03244e

Time (s): cpu = 00:00:01 ; elapsed = 00:00:02 . Memory (MB): peak = 1846.672 ; gain = 0.000

Phase 3 Detail Placement

Phase 3.1 Commit Multi Column Macros
Phase 3.1 Commit Multi Column Macros | Checksum: 107fbd662

Time (s): cpu = 00:00:01 ; elapsed = 00:00:02 . Memory (MB): peak = 1846.672 ; gain = 0.000

Phase 3.2 Commit Most Macros & LUTRAMs
Phase 3.2 Commit Most Macros & LUTRAMs | Checksum: 80b0aeb2

Time (s): cpu = 00:00:01 ; elapsed = 00:00:02 . Memory (MB): peak = 1846.672 ; gain = 0.000

Phase 3.3 Area Swap Optimization
Phase 3.3 Area Swap Optimization | Checksum: d26eafd7

Time (s): cpu = 00:00:01 ; elapsed = 00:00:02 . Memory (MB): peak = 1846.672 ; gain = 0.000

Phase 3.4 Pipeline Register Optimization
Phase 3.4 Pipeline Register Optimization | Checksum: 16d811ba4

Time (s): cpu = 00:00:01 ; elapsed = 00:00:02 . Memory (MB): peak = 1846.672 ; gain = 0.000

Phase 3.5 Small Shape Detail Placement
Phase 3.5 Small Shape Detail Placement | Checksum: e64de770

Time (s): cpu = 00:00:01 ; elapsed = 00:00:03 . Memory (MB): peak = 1846.672 ; gain = 0.000

Phase 3.6 Re-assign LUT pins
Phase 3.6 Re-assign LUT pins | Checksum: b77ec565

Time (s): cpu = 00:00:01 ; elapsed = 00:00:03 . Memory (MB): peak = 1846.672 ; gain = 0.000

Phase 3.7 Pipeline Register Optimization
Phase 3.7 Pipeline Register Optimization | Checksum: 16abc91aa

Time (s): cpu = 00:00:01 ; elapsed = 00:00:03 . Memory (MB): peak = 1846.672 ; gain = 0.000
Phase 3 Detail Placement | Checksum: 16abc91aa

Time (s): cpu = 00:00:01 ; elapsed = 00:00:03 . Memory (MB): peak = 1846.672 ; gain = 0.000

Phase 4 Post Placement Optimization and Clean-Up

Phase 4.1 Post Commit Optimization
INFO: [Timing 38-35] Done setting XDC timing constraints.

Phase 4.1.1 Post Placement Optimization
Post Placement Optimization Initialization | Checksum: 1a25e74da

Phase 4.1.1.1 BUFG Insertion

Starting Physical Synthesis Task

Phase 1 Physical Synthesis Initialization
INFO: [Physopt 32-721] Multithreading enabled for phys_opt_design using a maximum of 2 CPUs
INFO: [Physopt 32-619] Estimated Timing Summary | WNS=1.783 | TNS=0.000 |
Phase 1 Physical Synthesis Initialization | Checksum: 166093a3d

Time (s): cpu = 00:00:00 ; elapsed = 00:00:00.036 . Memory (MB): peak = 1846.672 ; gain = 0.000
INFO: [Place 46-56] BUFG insertion identified 0 candidate nets. Inserted BUFG: 0, Replicated BUFG Driver: 0, Skipped due to Placement/Routing Conflicts: 0, Skipped due to Timing Degradation: 0, Skipped due to Illegal Netlist: 0.
Ending Physical Synthesis Task | Checksum: e923a63b

Time (s): cpu = 00:00:00 ; elapsed = 00:00:00.041 . Memory (MB): peak = 1846.672 ; gain = 0.000
Phase 4.1.1.1 BUFG Insertion | Checksum: 1a25e74da

Time (s): cpu = 00:00:02 ; elapsed = 00:00:03 . Memory (MB): peak = 1846.672 ; gain = 0.000

Phase 4.1.1.2 Post Placement Timing Optimization
INFO: [Place 30-746] Post Placement Timing Summary WNS=1.783. For the most accurate timing information please run report_timing.
Phase 4.1.1.2 Post Placement Timing Optimization | Checksum: e5eff2cc

Time (s): cpu = 00:00:02 ; elapsed = 00:00:03 . Memory (MB): peak = 1846.672 ; gain = 0.000

Time (s): cpu = 00:00:02 ; elapsed = 00:00:03 . Memory (MB): peak = 1846.672 ; gain = 0.000
Phase 4.1 Post Commit Optimization | Checksum: e5eff2cc

Time (s): cpu = 00:00:02 ; elapsed = 00:00:03 . Memory (MB): peak = 1846.672 ; gain = 0.000

Phase 4.2 Post Placement Cleanup
Phase 4.2 Post Placement Cleanup | Checksum: e5eff2cc

Time (s): cpu = 00:00:02 ; elapsed = 00:00:03 . Memory (MB): peak = 1846.672 ; gain = 0.000

Phase 4.3 Placer Reporting

Phase 4.3.1 Print Estimated Congestion
INFO: [Place 30-612] Post-Placement Estimated Congestion 
 ____________________________________________________
|           | Global Congestion | Short Congestion  |
| Direction | Region Size       | Region Size       |
|___________|___________________|___________________|
|      North|                1x1|                1x1|
|___________|___________________|___________________|
|      South|                1x1|                1x1|
|___________|___________________|___________________|
|       East|                1x1|                1x1|
|___________|___________________|___________________|
|       West|                1x1|                1x1|
|___________|___________________|___________________|

Phase 4.3.1 Print Estimated Congestion | Checksum: e5eff2cc

Time (s): cpu = 00:00:02 ; elapsed = 00:00:03 . Memory (MB): peak = 1846.672 ; gain = 0.000
Phase 4.3 Placer Reporting | Checksum: e5eff2cc

Time (s): cpu = 00:00:02 ; elapsed = 00:00:03 . Memory (MB): peak = 1846.672 ; gain = 0.000

Phase 4.4 Final Placement Cleanup
Netlist sorting complete. Time (s): cpu = 00:00:00 ; elapsed = 00:00:00 . Memory (MB): peak = 1846.672 ; gain = 0.000

Time (s): cpu = 00:00:02 ; elapsed = 00:00:03 . Memory (MB): peak = 1846.672 ; gain = 0.000
Phase 4 Post Placement Optimization and Clean-Up | Checksum: be864106

Time (s): cpu = 00:00:02 ; elapsed = 00:00:03 . Memory (MB): peak = 1846.672 ; gain = 0.000
Ending Placer Task | Checksum: a4fe16b1

Time (s): cpu = 00:00:02 ; elapsed = 00:00:03 . Memory (MB): peak = 1846.672 ; gain = 0.000
INFO: [Common 17-83] Releasing license: Implementation
61 Infos, 0 Warnings, 0 Critical Warnings and 0 Errors encountered.
place_design completed successfully
INFO: [Timing 38-480] Writing timing data to binary archive.
Writing XDEF routing.
Writing XDEF routing logical nets.
Writing XDEF routing special nets.
Write XDEF Complete: Time (s): cpu = 00:00:00 ; elapsed = 00:00:00.057 . Memory (MB): peak = 1846.672 ; gain = 0.000
INFO: [Common 17-1381] The checkpoint 'C:/Users/adelinul/lab5/lab5.runs/impl_1/MIPS_placed.dcp' has been generated.
INFO: [runtcl-4] Executing : report_io -file MIPS_io_placed.rpt
report_io: Time (s): cpu = 00:00:00 ; elapsed = 00:00:00.057 . Memory (MB): peak = 1846.672 ; gain = 0.000
INFO: [runtcl-4] Executing : report_utilization -file MIPS_utilization_placed.rpt -pb MIPS_utilization_placed.pb
INFO: [runtcl-4] Executing : report_control_sets -verbose -file MIPS_control_sets_placed.rpt
report_control_sets: Time (s): cpu = 00:00:00 ; elapsed = 00:00:00.003 . Memory (MB): peak = 1846.672 ; gain = 0.000
Command: phys_opt_design
Attempting to get a license for feature 'Implementation' and/or device 'xc7a100t'
INFO: [Common 17-349] Got license for feature 'Implementation' and/or device 'xc7a100t'

Starting Initial Update Timing Task

Time (s): cpu = 00:00:00 ; elapsed = 00:00:00.111 . Memory (MB): peak = 1853.746 ; gain = 7.074
INFO: [Vivado_Tcl 4-383] Design worst setup slack (WNS) is greater than or equal to 0.000 ns. Skipping all physical synthesis optimizations.
INFO: [Vivado_Tcl 4-232] No setup violation found. The netlist was not modified.
INFO: [Common 17-83] Releasing license: Implementation
70 Infos, 0 Warnings, 0 Critical Warnings and 0 Errors encountered.
phys_opt_design completed successfully
INFO: [Timing 38-480] Writing timing data to binary archive.
Writing XDEF routing.
Writing XDEF routing logical nets.
Writing XDEF routing special nets.
Write XDEF Complete: Time (s): cpu = 00:00:00 ; elapsed = 00:00:00.061 . Memory (MB): peak = 1871.609 ; gain = 17.863
INFO: [Common 17-1381] The checkpoint 'C:/Users/adelinul/lab5/lab5.runs/impl_1/MIPS_physopt.dcp' has been generated.
Command: route_design
Attempting to get a license for feature 'Implementation' and/or device 'xc7a100t'
INFO: [Common 17-349] Got license for feature 'Implementation' and/or device 'xc7a100t'
Running DRC as a precondition to command route_design
INFO: [DRC 23-27] Running DRC with 2 threads
INFO: [Vivado_Tcl 4-198] DRC finished with 0 Errors
INFO: [Vivado_Tcl 4-199] Please refer to the DRC report (report_drc) for more information.


Starting Routing Task
INFO: [Route 35-254] Multithreading enabled for route_design using a maximum of 2 CPUs

Phase 1 Build RT Design
Checksum: PlaceDB: 59111861 ConstDB: 0 ShapeSum: 4becfe50 RouteDB: 0
Post Restoration Checksum: NetGraph: a1c35c8d NumContArr: aa5140ef Constraints: 0 Timing: 0
Phase 1 Build RT Design | Checksum: 14c149d7c

Time (s): cpu = 00:00:12 ; elapsed = 00:00:27 . Memory (MB): peak = 1982.402 ; gain = 100.668

Phase 2 Router Initialization

Phase 2.1 Fix Topology Constraints
Phase 2.1 Fix Topology Constraints | Checksum: 14c149d7c

Time (s): cpu = 00:00:12 ; elapsed = 00:00:27 . Memory (MB): peak = 1988.988 ; gain = 107.254

Phase 2.2 Pre Route Cleanup
Phase 2.2 Pre Route Cleanup | Checksum: 14c149d7c

Time (s): cpu = 00:00:12 ; elapsed = 00:00:27 . Memory (MB): peak = 1988.988 ; gain = 107.254
 Number of Nodes with overlaps = 0

Phase 2.3 Update Timing
Phase 2.3 Update Timing | Checksum: 621900bc

Time (s): cpu = 00:00:12 ; elapsed = 00:00:27 . Memory (MB): peak = 1999.344 ; gain = 117.609
INFO: [Route 35-416] Intermediate Timing Summary | WNS=1.824  | TNS=0.000  | WHS=-0.119 | THS=-2.866 |


Router Utilization Summary
  Global Vertical Routing Utilization    = 0 %
  Global Horizontal Routing Utilization  = 0 %
  Routable Net Status*
  *Does not include unroutable nets such as driverless and loadless.
  Run report_route_status for detailed report.
  Number of Failed Nets               = 682
    (Failed Nets is the sum of unrouted and partially routed nets)
  Number of Unrouted Nets             = 682
  Number of Partially Routed Nets     = 0
  Number of Node Overlaps             = 0

Phase 2 Router Initialization | Checksum: 15588b74c

Time (s): cpu = 00:00:13 ; elapsed = 00:00:27 . Memory (MB): peak = 2001.344 ; gain = 119.609

Phase 3 Initial Routing

Phase 3.1 Global Routing
Phase 3.1 Global Routing | Checksum: 15588b74c

Time (s): cpu = 00:00:13 ; elapsed = 00:00:27 . Memory (MB): peak = 2001.344 ; gain = 119.609
Phase 3 Initial Routing | Checksum: 16deb390f

Time (s): cpu = 00:00:13 ; elapsed = 00:00:27 . Memory (MB): peak = 2001.344 ; gain = 119.609

Phase 4 Rip-up And Reroute

Phase 4.1 Global Iteration 0
 Number of Nodes with overlaps = 70
 Number of Nodes with overlaps = 13
 Number of Nodes with overlaps = 5
 Number of Nodes with overlaps = 1
 Number of Nodes with overlaps = 0
INFO: [Route 35-416] Intermediate Timing Summary | WNS=1.014  | TNS=0.000  | WHS=N/A    | THS=N/A    |

Phase 4.1 Global Iteration 0 | Checksum: 1c2e8fb77

Time (s): cpu = 00:00:13 ; elapsed = 00:00:28 . Memory (MB): peak = 2001.344 ; gain = 119.609
Phase 4 Rip-up And Reroute | Checksum: 1c2e8fb77

Time (s): cpu = 00:00:13 ; elapsed = 00:00:28 . Memory (MB): peak = 2001.344 ; gain = 119.609

Phase 5 Delay and Skew Optimization

Phase 5.1 Delay CleanUp
Phase 5.1 Delay CleanUp | Checksum: 1c2e8fb77

Time (s): cpu = 00:00:13 ; elapsed = 00:00:28 . Memory (MB): peak = 2001.344 ; gain = 119.609

Phase 5.2 Clock Skew Optimization
Phase 5.2 Clock Skew Optimization | Checksum: 1c2e8fb77

Time (s): cpu = 00:00:13 ; elapsed = 00:00:28 . Memory (MB): peak = 2001.344 ; gain = 119.609
Phase 5 Delay and Skew Optimization | Checksum: 1c2e8fb77

Time (s): cpu = 00:00:13 ; elapsed = 00:00:28 . Memory (MB): peak = 2001.344 ; gain = 119.609

Phase 6 Post Hold Fix

Phase 6.1 Hold Fix Iter

Phase 6.1.1 Update Timing
Phase 6.1.1 Update Timing | Checksum: 215e9bbd5

Time (s): cpu = 00:00:13 ; elapsed = 00:00:28 . Memory (MB): peak = 2001.344 ; gain = 119.609
INFO: [Route 35-416] Intermediate Timing Summary | WNS=1.093  | TNS=0.000  | WHS=0.132  | THS=0.000  |

Phase 6.1 Hold Fix Iter | Checksum: 215e9bbd5

Time (s): cpu = 00:00:13 ; elapsed = 00:00:28 . Memory (MB): peak = 2001.344 ; gain = 119.609
Phase 6 Post Hold Fix | Checksum: 215e9bbd5

Time (s): cpu = 00:00:13 ; elapsed = 00:00:28 . Memory (MB): peak = 2001.344 ; gain = 119.609

Phase 7 Route finalize

Router Utilization Summary
  Global Vertical Routing Utilization    = 0.116812 %
  Global Horizontal Routing Utilization  = 0.129227 %
  Routable Net Status*
  *Does not include unroutable nets such as driverless and loadless.
  Run report_route_status for detailed report.
  Number of Failed Nets               = 0
    (Failed Nets is the sum of unrouted and partially routed nets)
  Number of Unrouted Nets             = 0
  Number of Partially Routed Nets     = 0
  Number of Node Overlaps             = 0

Phase 7 Route finalize | Checksum: 1b79b691c

Time (s): cpu = 00:00:13 ; elapsed = 00:00:28 . Memory (MB): peak = 2001.344 ; gain = 119.609

Phase 8 Verifying routed nets

 Verification completed successfully
Phase 8 Verifying routed nets | Checksum: 1b79b691c

Time (s): cpu = 00:00:13 ; elapsed = 00:00:28 . Memory (MB): peak = 2001.344 ; gain = 119.609

Phase 9 Depositing Routes
Phase 9 Depositing Routes | Checksum: 1b7886f8e

Time (s): cpu = 00:00:13 ; elapsed = 00:00:28 . Memory (MB): peak = 2001.344 ; gain = 119.609

Phase 10 Post Router Timing
INFO: [Route 35-57] Estimated Timing Summary | WNS=1.093  | TNS=0.000  | WHS=0.132  | THS=0.000  |

INFO: [Route 35-327] The final timing numbers are based on the router estimated timing analysis. For a complete and accurate timing signoff, please run report_timing_summary.
Phase 10 Post Router Timing | Checksum: 1b7886f8e

Time (s): cpu = 00:00:13 ; elapsed = 00:00:28 . Memory (MB): peak = 2001.344 ; gain = 119.609
INFO: [Route 35-16] Router Completed Successfully

Time (s): cpu = 00:00:13 ; elapsed = 00:00:28 . Memory (MB): peak = 2001.344 ; gain = 119.609

Routing Is Done.
INFO: [Common 17-83] Releasing license: Implementation
84 Infos, 0 Warnings, 0 Critical Warnings and 0 Errors encountered.
route_design completed successfully
route_design: Time (s): cpu = 00:00:14 ; elapsed = 00:00:29 . Memory (MB): peak = 2001.344 ; gain = 129.734
INFO: [Timing 38-480] Writing timing data to binary archive.
Writing XDEF routing.
Writing XDEF routing logical nets.
Writing XDEF routing special nets.
Write XDEF Complete: Time (s): cpu = 00:00:00 ; elapsed = 00:00:00.064 . Memory (MB): peak = 2011.773 ; gain = 10.430
INFO: [Common 17-1381] The checkpoint 'C:/Users/adelinul/lab5/lab5.runs/impl_1/MIPS_routed.dcp' has been generated.
INFO: [runtcl-4] Executing : report_drc -file MIPS_drc_routed.rpt -pb MIPS_drc_routed.pb -rpx MIPS_drc_routed.rpx
Command: report_drc -file MIPS_drc_routed.rpt -pb MIPS_drc_routed.pb -rpx MIPS_drc_routed.rpx
INFO: [IP_Flow 19-1839] IP Catalog is up to date.
INFO: [DRC 23-27] Running DRC with 2 threads
INFO: [Vivado_Tcl 2-168] The results of DRC are in file C:/Users/adelinul/lab5/lab5.runs/impl_1/MIPS_drc_routed.rpt.
report_drc completed successfully
INFO: [runtcl-4] Executing : report_methodology -file MIPS_methodology_drc_routed.rpt -pb MIPS_methodology_drc_routed.pb -rpx MIPS_methodology_drc_routed.rpx
Command: report_methodology -file MIPS_methodology_drc_routed.rpt -pb MIPS_methodology_drc_routed.pb -rpx MIPS_methodology_drc_routed.rpx
INFO: [Timing 38-35] Done setting XDC timing constraints.
INFO: [DRC 23-133] Running Methodology with 2 threads
INFO: [Vivado_Tcl 2-1520] The results of Report Methodology are in file C:/Users/adelinul/lab5/lab5.runs/impl_1/MIPS_methodology_drc_routed.rpt.
report_methodology completed successfully
INFO: [runtcl-4] Executing : report_power -file MIPS_power_routed.rpt -pb MIPS_power_summary_routed.pb -rpx MIPS_power_routed.rpx
Command: report_power -file MIPS_power_routed.rpt -pb MIPS_power_summary_routed.pb -rpx MIPS_power_routed.rpx
INFO: [Timing 38-35] Done setting XDC timing constraints.
Running Vector-less Activity Propagation...

Finished Running Vector-less Activity Propagation
96 Infos, 0 Warnings, 0 Critical Warnings and 0 Errors encountered.
report_power completed successfully
INFO: [runtcl-4] Executing : report_route_status -file MIPS_route_status.rpt -pb MIPS_route_status.pb
INFO: [runtcl-4] Executing : report_timing_summary -max_paths 10 -report_unconstrained -file MIPS_timing_summary_routed.rpt -pb MIPS_timing_summary_routed.pb -rpx MIPS_timing_summary_routed.rpx -warn_on_violation 
INFO: [Timing 38-91] UpdateTimingParams: Speed grade: -1, Delay Type: min_max.
INFO: [Timing 38-191] Multithreading enabled for timing update using a maximum of 2 CPUs
INFO: [runtcl-4] Executing : report_incremental_reuse -file MIPS_incremental_reuse_routed.rpt
INFO: [Vivado_Tcl 4-1062] Incremental flow is disabled. No incremental reuse Info to report.
INFO: [runtcl-4] Executing : report_clock_utilization -file MIPS_clock_utilization_routed.rpt
INFO: [runtcl-4] Executing : report_bus_skew -warn_on_violation -file MIPS_bus_skew_routed.rpt -pb MIPS_bus_skew_routed.pb -rpx MIPS_bus_skew_routed.rpx
INFO: [Timing 38-91] UpdateTimingParams: Speed grade: -1, Delay Type: min_max.
INFO: [Timing 38-191] Multithreading enabled for timing update using a maximum of 2 CPUs
INFO: [Common 17-206] Exiting Vivado at Sun Jun  2 11:28:57 2024...
